Arguments: 
  /Users/emstell/.nvm/versions/node/v14.17.4/bin/node /usr/local/Cellar/yarn/1.22.10/libexec/bin/yarn.js install

PATH: 
  /Users/emstell/.nvm/versions/node/v14.17.4/bin:/usr/local/bin:/usr/bin:/bin:/usr/sbin:/sbin:/Library/Apple/usr/bin:/Users/emstell/.nvm/versions/node/v14.1.0/bin:/Users/emstell/flutter/bin:/Users/emstell/flutter/bin

Yarn version: 
  1.22.10

Node version: 
  14.17.4

Platform: 
  darwin x64

Trace: 
  Error: getaddrinfo ENOTFOUND registry.yarnpkg.com
      at GetAddrInfoReqWrap.onlookup [as oncomplete] (dns.js:69:26)

npm manifest: 
  {
    "name": "mymartApi-sellerDashboard",
    "version": "1.0.0",
    "description": "Mymart seller Dashboard",
    "main": "index.js",
    "author": "Hashim",
    "license": "Mymart",
    "private": true,
    "dependencies": {
      "bcrypt": "^5.0.1",
      "express": "^4.17.1",
      "formidable": "^1.2.2",
      "jsonwebtoken": "^8.5.1",
      "moment": "^2.29.1",
      "mongoose": "^5.12.5",
      "multer": "^1.4.2",
      "sharp": "^0.28.3",
      "uuid": "^8.3.2"
    }
  }

yarn manifest: 
  No manifest

Lockfile: 
  No lockfile
